['Calf number is still missing.', '> Different name in database. You need to solve the conflict manually.', 'Sexes match.', 'Birth dates match.', 'Captive/wild matches.', 'Camps match.', 'Living status matches.', 'Research status matches', '[Conflict] Elephant number 2643: you need to solve conflicts for: name.']
This elephant is already in the database, nothing to change.
This elephant is already in the database, nothing to change.
['Calf number is still missing.', 'Names match.', 'Sexes match.', 'Birth dates match.', 'Captive/wild matches.', 'Ages at capture match.', 'Camp is still missing', 'Living status matches.', 'Research status matches', '> This elephant is now over 90 years old. Are you sure it is still alive?', '[Conflict] Elephant number 133: you need to solve conflicts for: alive.']
['Calf number is still missing.', '> Different name in database. You need to solve the conflict manually.', 'Sexes match.', 'Birth dates match.', 'Captive/wild matches.', 'Ages at capture match.', 'Camp is still missing', 'Living status matches.', 'Research status matches', '[Conflict] Elephant number 148: you need to solve conflicts for: name.']
This elephant is already in the database, nothing to change.
This elephant is already in the database, nothing to change.
This elephant is already in the database, nothing to change.
['Calf number is still missing.', '> Different name in database. You need to solve the conflict manually.', 'Sexes match.', 'Birth dates match.', 'Captive/wild matches.', 'Ages at capture match.', 'Camp is still missing', 'Living status matches.', 'Research status matches', '[Conflict] Elephant number 283: you need to solve conflicts for: name.']
['Calf number is still missing.', 'Names match.', 'Sexes match.', 'Birth dates match.', 'Captive/wild matches.', 'Ages at capture match.', 'Camp is still missing', 'Living status matches.', 'Research status matches', '> This elephant is now over 90 years old. Are you sure it is still alive?', '[Conflict] Elephant number 298: you need to solve conflicts for: alive.']
This elephant is already in the database, nothing to change.
This elephant is already in the database, nothing to change.
This elephant is already in the database, nothing to change.
This elephant is already in the database, nothing to change.
This elephant is already in the database, nothing to change.
This elephant is already in the database, nothing to change.
This elephant is already in the database, nothing to change.
This elephant is already in the database, nothing to change.
This elephant is already in the database, nothing to change.
This elephant is already in the database, nothing to change.
This elephant is already in the database, nothing to change.
This elephant is already in the database, nothing to change.
This elephant is already in the database, nothing to change.
This elephant is already in the database, nothing to change.
This elephant is already in the database, nothing to change.
This elephant is already in the database, nothing to change.
This elephant is already in the database, nothing to change.
This elephant is already in the database, nothing to change.
This elephant is already in the database, nothing to change.
This elephant is already in the database, nothing to change.
This elephant is already in the database, nothing to change.
This elephant is already in the database, nothing to change.
This elephant is already in the database, nothing to change.
This elephant is already in the database, nothing to change.
This elephant is already in the database, nothing to change.
This elephant is already in the database, nothing to change.
This elephant is already in the database, nothing to change.
['Calf number is still missing.', 'Names match.', 'Sexes match.', 'Birth dates match.', 'Captive/wild matches.', 'Ages at capture match.', 'Camp is still missing', 'Living status matches.', 'Research status matches', '> This elephant is now over 90 years old. Are you sure it is still alive?', '[Conflict] Elephant number 335: you need to solve conflicts for: alive.']
['Calf number is still missing.', 'Names match.', 'Sexes match.', 'Birth dates match.', 'Captive/wild matches.', 'Ages at capture match.', 'Camp is still missing', 'Living status matches.', 'Research status matches', '> This elephant is now over 90 years old. Are you sure it is still alive?', '[Conflict] Elephant number 336: you need to solve conflicts for: alive.']
This elephant is already in the database, nothing to change.
This elephant is already in the database, nothing to change.
This elephant is already in the database, nothing to change.
This elephant is already in the database, nothing to change.
This elephant is already in the database, nothing to change.
This elephant is already in the database, nothing to change.
This elephant is already in the database, nothing to change.
This elephant is already in the database, nothing to change.
This elephant is already in the database, nothing to change.
This elephant is already in the database, nothing to change.
This elephant is already in the database, nothing to change.
This elephant is already in the database, nothing to change.
This elephant is already in the database, nothing to change.
This elephant is already in the database, nothing to change.
This elephant is already in the database, nothing to change.
This elephant is already in the database, nothing to change.
This elephant is already in the database, nothing to change.
This elephant is already in the database, nothing to change.
This elephant is already in the database, nothing to change.
This elephant is already in the database, nothing to change.
This elephant is already in the database, nothing to change.
['Calf number is still missing.', 'Names match.', 'Sexes match.', 'Birth dates match.', 'Captive/wild matches.', 'Ages at capture match.', 'Camp is still missing', 'Living status matches.', 'Research status matches', '> This elephant is now over 90 years old. Are you sure it is still alive?', '[Conflict] Elephant number 141: you need to solve conflicts for: alive.']
This elephant is already in the database, nothing to change.
This elephant is already in the database, nothing to change.
This elephant is already in the database, nothing to change.
['Calf number is still missing.', 'Names match.', 'Sexes match.', 'Birth dates match.', 'Captive/wild matches.', 'Ages at capture match.', 'Camp is still missing', 'Living status matches.', 'Research status matches', '> This elephant is now over 90 years old. Are you sure it is still alive?', '[Conflict] Elephant number 461: you need to solve conflicts for: alive.']
This elephant is already in the database, nothing to change.
This elephant is already in the database, nothing to change.
This elephant is already in the database, nothing to change.
This elephant is already in the database, nothing to change.
This elephant is already in the database, nothing to change.
This elephant is already in the database, nothing to change.
This elephant is already in the database, nothing to change.
This elephant is already in the database, nothing to change.
This elephant is already in the database, nothing to change.
This elephant is already in the database, nothing to change.
This elephant is already in the database, nothing to change.
This elephant is already in the database, nothing to change.
This elephant is already in the database, nothing to change.
This elephant is already in the database, nothing to change.
['Calf number is still missing.', 'Names match.', 'Sexes match.', 'Birth dates match.', 'Captive/wild matches.', 'Ages at capture match.', 'Camp is still missing', 'Living status matches.', 'Research status matches', '> This elephant is now over 90 years old. Are you sure it is still alive?', '[Conflict] Elephant number 111: you need to solve conflicts for: alive.']
This elephant is already in the database, nothing to change.
This elephant is already in the database, nothing to change.
This elephant is already in the database, nothing to change.
This elephant is already in the database, nothing to change.
This elephant is already in the database, nothing to change.
This elephant is already in the database, nothing to change.
This elephant is already in the database, nothing to change.
This elephant is already in the database, nothing to change.
This elephant is already in the database, nothing to change.
This elephant is already in the database, nothing to change.
['Calf number is still missing.', 'Names match.', 'Sexes match.', '> Different birth date in database. You need to solve the conflict manually.', 'Captive/wild matches.', 'Ages at capture match.', 'Camp is still missing', 'Living status matches.', 'Research status matches', '> This elephant is now over 90 years old. Are you sure it is still alive?', '[Conflict] Elephant number 780: you need to solve conflicts for: birth, alive.']
['Calf number is still missing.', '> Different name in database. You need to solve the conflict manually.', 'Sexes match.', 'Birth dates match.', 'Captive/wild matches.', 'Camps match.', 'Living status matches.', 'Research status matches', '[Conflict] Elephant number 2643: you need to solve conflicts for: name.']
This elephant is already in the database, nothing to change.
This elephant is already in the database, nothing to change.
['Calf number is still missing.', 'Names match.', 'Sexes match.', 'Birth dates match.', 'Captive/wild matches.', 'Ages at capture match.', 'Camp is still missing', 'Living status matches.', 'Research status matches', '> This elephant is now over 90 years old. Are you sure it is still alive?', '[Conflict] Elephant number 133: you need to solve conflicts for: alive.']
['Calf number is still missing.', '> Different name in database. You need to solve the conflict manually.', 'Sexes match.', 'Birth dates match.', 'Captive/wild matches.', 'Ages at capture match.', 'Camp is still missing', 'Living status matches.', 'Research status matches', '[Conflict] Elephant number 148: you need to solve conflicts for: name.']
This elephant is already in the database, nothing to change.
This elephant is already in the database, nothing to change.
This elephant is already in the database, nothing to change.
['Calf number is still missing.', '> Different name in database. You need to solve the conflict manually.', 'Sexes match.', 'Birth dates match.', 'Captive/wild matches.', 'Ages at capture match.', 'Camp is still missing', 'Living status matches.', 'Research status matches', '[Conflict] Elephant number 283: you need to solve conflicts for: name.']
['Calf number is still missing.', 'Names match.', 'Sexes match.', 'Birth dates match.', 'Captive/wild matches.', 'Ages at capture match.', 'Camp is still missing', 'Living status matches.', 'Research status matches', '> This elephant is now over 90 years old. Are you sure it is still alive?', '[Conflict] Elephant number 298: you need to solve conflicts for: alive.']
This elephant is already in the database, nothing to change.
This elephant is already in the database, nothing to change.
This elephant is already in the database, nothing to change.
This elephant is already in the database, nothing to change.
This elephant is already in the database, nothing to change.
This elephant is already in the database, nothing to change.
This elephant is already in the database, nothing to change.
This elephant is already in the database, nothing to change.
This elephant is already in the database, nothing to change.
This elephant is already in the database, nothing to change.
This elephant is already in the database, nothing to change.
This elephant is already in the database, nothing to change.
This elephant is already in the database, nothing to change.
This elephant is already in the database, nothing to change.
This elephant is already in the database, nothing to change.
This elephant is already in the database, nothing to change.
This elephant is already in the database, nothing to change.
This elephant is already in the database, nothing to change.
This elephant is already in the database, nothing to change.
This elephant is already in the database, nothing to change.
This elephant is already in the database, nothing to change.
This elephant is already in the database, nothing to change.
This elephant is already in the database, nothing to change.
This elephant is already in the database, nothing to change.
This elephant is already in the database, nothing to change.
This elephant is already in the database, nothing to change.
This elephant is already in the database, nothing to change.
['Calf number is still missing.', 'Names match.', 'Sexes match.', 'Birth dates match.', 'Captive/wild matches.', 'Ages at capture match.', 'Camp is still missing', 'Living status matches.', 'Research status matches', '> This elephant is now over 90 years old. Are you sure it is still alive?', '[Conflict] Elephant number 335: you need to solve conflicts for: alive.']
['Calf number is still missing.', 'Names match.', 'Sexes match.', 'Birth dates match.', 'Captive/wild matches.', 'Ages at capture match.', 'Camp is still missing', 'Living status matches.', 'Research status matches', '> This elephant is now over 90 years old. Are you sure it is still alive?', '[Conflict] Elephant number 336: you need to solve conflicts for: alive.']
This elephant is already in the database, nothing to change.
This elephant is already in the database, nothing to change.
This elephant is already in the database, nothing to change.
This elephant is already in the database, nothing to change.
This elephant is already in the database, nothing to change.
This elephant is already in the database, nothing to change.
This elephant is already in the database, nothing to change.
This elephant is already in the database, nothing to change.
This elephant is already in the database, nothing to change.
This elephant is already in the database, nothing to change.
This elephant is already in the database, nothing to change.
This elephant is already in the database, nothing to change.
This elephant is already in the database, nothing to change.
This elephant is already in the database, nothing to change.
This elephant is already in the database, nothing to change.
This elephant is already in the database, nothing to change.
This elephant is already in the database, nothing to change.
This elephant is already in the database, nothing to change.
This elephant is already in the database, nothing to change.
This elephant is already in the database, nothing to change.
This elephant is already in the database, nothing to change.
['Calf number is still missing.', 'Names match.', 'Sexes match.', 'Birth dates match.', 'Captive/wild matches.', 'Ages at capture match.', 'Camp is still missing', 'Living status matches.', 'Research status matches', '> This elephant is now over 90 years old. Are you sure it is still alive?', '[Conflict] Elephant number 141: you need to solve conflicts for: alive.']
This elephant is already in the database, nothing to change.
This elephant is already in the database, nothing to change.
This elephant is already in the database, nothing to change.
['Calf number is still missing.', 'Names match.', 'Sexes match.', 'Birth dates match.', 'Captive/wild matches.', 'Ages at capture match.', 'Camp is still missing', 'Living status matches.', 'Research status matches', '> This elephant is now over 90 years old. Are you sure it is still alive?', '[Conflict] Elephant number 461: you need to solve conflicts for: alive.']
This elephant is already in the database, nothing to change.
This elephant is already in the database, nothing to change.
This elephant is already in the database, nothing to change.
This elephant is already in the database, nothing to change.
This elephant is already in the database, nothing to change.
This elephant is already in the database, nothing to change.
This elephant is already in the database, nothing to change.
This elephant is already in the database, nothing to change.
This elephant is already in the database, nothing to change.
This elephant is already in the database, nothing to change.
This elephant is already in the database, nothing to change.
This elephant is already in the database, nothing to change.
This elephant is already in the database, nothing to change.
This elephant is already in the database, nothing to change.
['Calf number is still missing.', 'Names match.', 'Sexes match.', 'Birth dates match.', 'Captive/wild matches.', 'Ages at capture match.', 'Camp is still missing', 'Living status matches.', 'Research status matches', '> This elephant is now over 90 years old. Are you sure it is still alive?', '[Conflict] Elephant number 111: you need to solve conflicts for: alive.']
This elephant is already in the database, nothing to change.
This elephant is already in the database, nothing to change.
This elephant is already in the database, nothing to change.
This elephant is already in the database, nothing to change.
This elephant is already in the database, nothing to change.
This elephant is already in the database, nothing to change.
This elephant is already in the database, nothing to change.
This elephant is already in the database, nothing to change.
This elephant is already in the database, nothing to change.
This elephant is already in the database, nothing to change.
['Calf number is still missing.', 'Names match.', 'Sexes match.', '> Different birth date in database. You need to solve the conflict manually.', 'Captive/wild matches.', 'Ages at capture match.', 'Camp is still missing', 'Living status matches.', 'Research status matches', '> This elephant is now over 90 years old. Are you sure it is still alive?', '[Conflict] Elephant number 780: you need to solve conflicts for: birth, alive.']
This elephant is already in the database, nothing to change.
This elephant is already in the database, nothing to change.
['Calf number is still missing.', 'Names match.', 'Sexes match.', 'Birth dates match.', 'Captive/wild matches.', 'Ages at capture match.', 'Camp is still missing', 'Living status matches.', 'Research status matches', '> This elephant is now over 90 years old. Are you sure it is still alive?', '[Conflict] Elephant number 133: you need to solve conflicts for: alive.']
This elephant is already in the database, nothing to change.
This elephant is already in the database, nothing to change.
This elephant is already in the database, nothing to change.
['Calf number is still missing.', 'Names match.', 'Sexes match.', 'Birth dates match.', 'Captive/wild matches.', 'Ages at capture match.', 'Camp is still missing', 'Living status matches.', 'Research status matches', '> This elephant is now over 90 years old. Are you sure it is still alive?', '[Conflict] Elephant number 298: you need to solve conflicts for: alive.']
This elephant is already in the database, nothing to change.
This elephant is already in the database, nothing to change.
This elephant is already in the database, nothing to change.
This elephant is already in the database, nothing to change.
This elephant is already in the database, nothing to change.
This elephant is already in the database, nothing to change.
This elephant is already in the database, nothing to change.
This elephant is already in the database, nothing to change.
This elephant is already in the database, nothing to change.
This elephant is already in the database, nothing to change.
This elephant is already in the database, nothing to change.
This elephant is already in the database, nothing to change.
This elephant is already in the database, nothing to change.
This elephant is already in the database, nothing to change.
This elephant is already in the database, nothing to change.
This elephant is already in the database, nothing to change.
This elephant is already in the database, nothing to change.
This elephant is already in the database, nothing to change.
This elephant is already in the database, nothing to change.
This elephant is already in the database, nothing to change.
This elephant is already in the database, nothing to change.
This elephant is already in the database, nothing to change.
This elephant is already in the database, nothing to change.
This elephant is already in the database, nothing to change.
This elephant is already in the database, nothing to change.
This elephant is already in the database, nothing to change.
This elephant is already in the database, nothing to change.
['Calf number is still missing.', 'Names match.', 'Sexes match.', 'Birth dates match.', 'Captive/wild matches.', 'Ages at capture match.', 'Camp is still missing', 'Living status matches.', 'Research status matches', '> This elephant is now over 90 years old. Are you sure it is still alive?', '[Conflict] Elephant number 335: you need to solve conflicts for: alive.']
['Calf number is still missing.', 'Names match.', 'Sexes match.', 'Birth dates match.', 'Captive/wild matches.', 'Ages at capture match.', 'Camp is still missing', 'Living status matches.', 'Research status matches', '> This elephant is now over 90 years old. Are you sure it is still alive?', '[Conflict] Elephant number 336: you need to solve conflicts for: alive.']
This elephant is already in the database, nothing to change.
This elephant is already in the database, nothing to change.
This elephant is already in the database, nothing to change.
This elephant is already in the database, nothing to change.
This elephant is already in the database, nothing to change.
This elephant is already in the database, nothing to change.
This elephant is already in the database, nothing to change.
This elephant is already in the database, nothing to change.
This elephant is already in the database, nothing to change.
This elephant is already in the database, nothing to change.
This elephant is already in the database, nothing to change.
This elephant is already in the database, nothing to change.
This elephant is already in the database, nothing to change.
This elephant is already in the database, nothing to change.
This elephant is already in the database, nothing to change.
This elephant is already in the database, nothing to change.
This elephant is already in the database, nothing to change.
This elephant is already in the database, nothing to change.
This elephant is already in the database, nothing to change.
This elephant is already in the database, nothing to change.
This elephant is already in the database, nothing to change.
['Calf number is still missing.', 'Names match.', 'Sexes match.', 'Birth dates match.', 'Captive/wild matches.', 'Ages at capture match.', 'Camp is still missing', 'Living status matches.', 'Research status matches', '> This elephant is now over 90 years old. Are you sure it is still alive?', '[Conflict] Elephant number 141: you need to solve conflicts for: alive.']
This elephant is already in the database, nothing to change.
This elephant is already in the database, nothing to change.
This elephant is already in the database, nothing to change.
['Calf number is still missing.', 'Names match.', 'Sexes match.', 'Birth dates match.', 'Captive/wild matches.', 'Ages at capture match.', 'Camp is still missing', 'Living status matches.', 'Research status matches', '> This elephant is now over 90 years old. Are you sure it is still alive?', '[Conflict] Elephant number 461: you need to solve conflicts for: alive.']
This elephant is already in the database, nothing to change.
This elephant is already in the database, nothing to change.
This elephant is already in the database, nothing to change.
This elephant is already in the database, nothing to change.
This elephant is already in the database, nothing to change.
This elephant is already in the database, nothing to change.
This elephant is already in the database, nothing to change.
This elephant is already in the database, nothing to change.
This elephant is already in the database, nothing to change.
This elephant is already in the database, nothing to change.
This elephant is already in the database, nothing to change.
This elephant is already in the database, nothing to change.
This elephant is already in the database, nothing to change.
This elephant is already in the database, nothing to change.
['Calf number is still missing.', 'Names match.', 'Sexes match.', 'Birth dates match.', 'Captive/wild matches.', 'Ages at capture match.', 'Camp is still missing', 'Living status matches.', 'Research status matches', '> This elephant is now over 90 years old. Are you sure it is still alive?', '[Conflict] Elephant number 111: you need to solve conflicts for: alive.']
This elephant is already in the database, nothing to change.
This elephant is already in the database, nothing to change.
This elephant is already in the database, nothing to change.
This elephant is already in the database, nothing to change.
This elephant is already in the database, nothing to change.
This elephant is already in the database, nothing to change.
This elephant is already in the database, nothing to change.
This elephant is already in the database, nothing to change.
This elephant is already in the database, nothing to change.
This elephant is already in the database, nothing to change.
['Calf number is still missing.', 'Names match.', 'Sexes match.', '> Different birth date in database. You need to solve the conflict manually.', 'Captive/wild matches.', 'Ages at capture match.', 'Camp is still missing', 'Living status matches.', 'Research status matches', '> This elephant is now over 90 years old. Are you sure it is still alive?', '[Conflict] Elephant number 780: you need to solve conflicts for: birth, alive.']
